  
Calculated optimized muscle parameters for add_brev_r in 4.248 seconds.
                         Lm Opt        Lts
Template model       : 0.1031       0.036
Optimized param      : 0.11996    0.025373
Nr of eval points    : 512/512 used
fval                 : 0.0064776
var from template [%]: 16.349      29.5182%
  
  
Calculated optimized muscle parameters for add_long_r in 4.2253 seconds.
                         Lm Opt        Lts
Template model       : 0.1082        0.13
Optimized param      : 0.10649    0.085892
Nr of eval points    : 512/512 used
fval                 : 0.008018
var from template [%]: 1.58389      33.9295%
  
  
Calculated optimized muscle parameters for add_mag1_r in 4.2383 seconds.
                         Lm Opt        Lts
Template model       : 0.1377       0.048
Optimized param      : 0.17617    0.029777
Nr of eval points    : 512/512 used
fval                 : 0.0038653
var from template [%]: 27.9348      37.9652%
  
  
Calculated optimized muscle parameters for add_mag2_r in 4.2323 seconds.
                         Lm Opt        Lts
Template model       : 0.1772        0.09
Optimized param      : 0.19855    0.047243
Nr of eval points    : 512/512 used
fval                 : 0.0064024
var from template [%]: 12.048      47.5074%
  
  
Calculated optimized muscle parameters for add_mag3_r in 4.241 seconds.
                         Lm Opt        Lts
Template model       : 0.1562       0.221
Optimized param      : 0.16942     0.19506
Nr of eval points    : 512/512 used
fval                 : 0.0072297
var from template [%]: 8.46434      11.7388%
  
  
Calculated optimized muscle parameters for bifemlh_r in 4.2316 seconds.
                         Lm Opt        Lts
Template model       : 0.0976       0.322
Optimized param      : 0.088701     0.32934
Nr of eval points    : 512/512 used
fval                 : 0.0020968
var from template [%]: 9.1175      2.2796%
  
  
Calculated optimized muscle parameters for gem_r in 4.2144 seconds.
                         Lm Opt        Lts
Template model       : 0.024       0.039
Optimized param      : 0.02179    0.039075
Nr of eval points    : 484/512 used
fval                 : 0.0043358
var from template [%]: 9.2082     0.19206%
  
  
Calculated optimized muscle parameters for glut_max1_r in 4.2807 seconds.
                         Lm Opt        Lts
Template model       : 0.1473        0.05
Optimized param      : 0.17222    0.015299
Nr of eval points    : 512/512 used
fval                 : 0.0037948
var from template [%]: 16.9156      69.4012%
  
  
Calculated optimized muscle parameters for glut_max2_r in 4.2522 seconds.
                         Lm Opt        Lts
Template model       : 0.1569      0.0733
Optimized param      : 0.20328    0.010152
Nr of eval points    : 512/512 used
fval                 : 0.022773
var from template [%]: 29.5586      86.1498%
  
  
Calculated optimized muscle parameters for glut_max3_r in 4.2386 seconds.
                         Lm Opt        Lts
Template model       : 0.1665      0.0702
Optimized param      : 0.20175    0.028241
Nr of eval points    : 512/512 used
fval                 : 0.0022953
var from template [%]: 21.1719      59.7702%
  
  
Calculated optimized muscle parameters for glut_med1_r in 4.296 seconds.
                         Lm Opt        Lts
Template model       : 0.0733      0.0565
Optimized param      : 0.074185    0.061511
Nr of eval points    : 512/512 used
fval                 : 0.0034628
var from template [%]: 1.2069      8.8691%
  
  
Calculated optimized muscle parameters for glut_med2_r in 4.2898 seconds.
                         Lm Opt        Lts
Template model       : 0.0733       0.066
Optimized param      : 0.074063    0.079784
Nr of eval points    : 512/512 used
fval                 : 0.0026612
var from template [%]: 1.0416      20.8855%
  
  
Calculated optimized muscle parameters for glut_med3_r in 4.2452 seconds.
                         Lm Opt        Lts
Template model       : 0.0733       0.046
Optimized param      : 0.071886    0.053654
Nr of eval points    : 512/512 used
fval                 : 0.003014
var from template [%]: 1.92874      16.6402%
  
  
Calculated optimized muscle parameters for glut_min1_r in 4.2571 seconds.
                         Lm Opt        Lts
Template model       : 0.068       0.016
Optimized param      : 0.065446    0.038957
Nr of eval points    : 512/512 used
fval                 : 0.0058905
var from template [%]: 3.755158      143.4809%
  
  
Calculated optimized muscle parameters for glut_min2_r in 4.3439 seconds.
                         Lm Opt        Lts
Template model       : 0.056       0.026
Optimized param      : 0.056735    0.035495
Nr of eval points    : 512/512 used
fval                 : 0.002966
var from template [%]: 1.31186      36.5192%
  
  
Calculated optimized muscle parameters for glut_min3_r in 4.2627 seconds.
                         Lm Opt        Lts
Template model       : 0.038       0.051
Optimized param      : 0.035379    0.062153
Nr of eval points    : 501/512 used
fval                 : 0.0044314
var from template [%]: 6.89615      21.8691%
  
  
Calculated optimized muscle parameters for grac_r in 4.2662 seconds.
                         Lm Opt        Lts
Template model       : 0.2278       0.169
Optimized param      : 0.33508    0.045034
Nr of eval points    : 512/512 used
fval                 : 0.012024
var from template [%]: 47.095      73.3528%
  
  
Calculated optimized muscle parameters for iliacus_r in 4.248 seconds.
                         Lm Opt        Lts
Template model       : 0.1066       0.094
Optimized param      : 0.07096     0.10432
Nr of eval points    : 512/512 used
fval                 : 0.0052746
var from template [%]: 33.4337      10.9784%
  
Negative value estimated for muscle parameter of muscle pect_r
                         Lm Opt        Lts
Template model       : 0.133       0.001
Optimized param      : 0.16315  -0.0085639
Opt params (lsqnonneg): 0.15147           0
Tendon length not changing throughout range of motion
  
Calculated optimized muscle parameters for pect_r in 4.2693 seconds.
                         Lm Opt        Lts
Template model       : 0.133       0.001
Optimized param      : 0.14994   0.0009947
Nr of eval points    : 512/512 used
fval                 : 0.0044722
var from template [%]: 12.7344     0.530069%
  
  
Calculated optimized muscle parameters for piri_r in 4.3208 seconds.
                         Lm Opt        Lts
Template model       : 0.026       0.115
Optimized param      : 0.031157     0.10803
Nr of eval points    : 460/512 used
fval                 : 0.0024072
var from template [%]: 19.8334      6.05691%
  
  
Calculated optimized muscle parameters for psoas_r in 4.2925 seconds.
                         Lm Opt        Lts
Template model       : 0.1169       0.097
Optimized param      : 0.1235     0.13506
Nr of eval points    : 512/512 used
fval                 : 0.0030043
var from template [%]: 5.6424      39.2349%
  
  
Calculated optimized muscle parameters for quad_fem_r in 4.3271 seconds.
                         Lm Opt        Lts
Template model       : 0.054       0.024
Optimized param      : 0.035121    0.035059
Nr of eval points    : 461/512 used
fval                 : 0.029849
var from template [%]: 34.9618      46.0792%
  
  
Calculated optimized muscle parameters for rect_fem_r in 4.3706 seconds.
                         Lm Opt        Lts
Template model       : 0.0759       0.346
Optimized param      : 0.072197     0.33929
Nr of eval points    : 473/512 used
fval                 : 0.0012287
var from template [%]: 4.8791      1.9405%
  
  
Calculated optimized muscle parameters for sar_r in 4.2544 seconds.
                         Lm Opt        Lts
Template model       : 0.403        0.11
Optimized param      : 0.47679    0.013819
Nr of eval points    : 512/512 used
fval                 : 0.00193
var from template [%]: 18.3092      87.4369%
  
  
Calculated optimized muscle parameters for semimem_r in 4.258 seconds.
                         Lm Opt        Lts
Template model       : 0.069       0.378
Optimized param      : 0.063124      0.3709
Nr of eval points    : 358/512 used
fval                 : 0.00012251
var from template [%]: 8.516      1.8781%
  
  
Calculated optimized muscle parameters for semiten_r in 4.2482 seconds.
                         Lm Opt        Lts
Template model       : 0.193       0.245
Optimized param      : 0.16443     0.28031
Nr of eval points    : 512/512 used
fval                 : 0.0043213
var from template [%]: 14.8037      14.4122%
  
  
Calculated optimized muscle parameters for tfl_r in 4.2619 seconds.
                         Lm Opt        Lts
Template model       : 0.095        0.45
Optimized param      : 0.091779      0.4389
Nr of eval points    : 493/512 used
fval                 : 0.010618
var from template [%]: 3.39      2.4659%
  
