  
Calculated optimized muscle parameters for add_brev_r in 21.6719 seconds.
                         Lm Opt        Lts
Template model       : 0.1031       0.036
Optimized param      : 0.11994    0.025319
Nr of eval points    : 3375/3375 used
fval                 : 0.038207
var from template [%]: 16.3374        29.67%
  
  
Calculated optimized muscle parameters for add_long_r in 21.46 seconds.
                         Lm Opt        Lts
Template model       : 0.1082        0.13
Optimized param      : 0.10628    0.085991
Nr of eval points    : 3375/3375 used
fval                 : 0.048241
var from template [%]: 1.77176      33.8527%
  
  
Calculated optimized muscle parameters for add_mag1_r in 22.3409 seconds.
                         Lm Opt        Lts
Template model       : 0.1377       0.048
Optimized param      : 0.17614    0.029753
Nr of eval points    : 3375/3375 used
fval                 : 0.022951
var from template [%]: 27.9185      38.0144%
  
  
Calculated optimized muscle parameters for add_mag2_r in 22.5949 seconds.
                         Lm Opt        Lts
Template model       : 0.1772        0.09
Optimized param      : 0.19832    0.047325
Nr of eval points    : 3375/3375 used
fval                 : 0.0381
var from template [%]: 11.9176      47.4167%
  
  
Calculated optimized muscle parameters for add_mag3_r in 21.4321 seconds.
                         Lm Opt        Lts
Template model       : 0.1562       0.221
Optimized param      : 0.16959     0.19484
Nr of eval points    : 3375/3375 used
fval                 : 0.043284
var from template [%]: 8.57428      11.8363%
  
  
Calculated optimized muscle parameters for bifemlh_r in 22.3583 seconds.
                         Lm Opt        Lts
Template model       : 0.0976       0.322
Optimized param      : 0.088706      0.3293
Nr of eval points    : 3375/3375 used
fval                 : 0.012317
var from template [%]: 9.1122      2.2669%
  
  
Calculated optimized muscle parameters for gem_r in 23.3477 seconds.
                         Lm Opt        Lts
Template model       : 0.024       0.039
Optimized param      : 0.021698    0.039194
Nr of eval points    : 3258/3375 used
fval                 : 0.025837
var from template [%]: 9.5916     0.49818%
  
  
Calculated optimized muscle parameters for glut_max1_r in 22.255 seconds.
                         Lm Opt        Lts
Template model       : 0.1473        0.05
Optimized param      : 0.17289    0.014498
Nr of eval points    : 3375/3375 used
fval                 : 0.021329
var from template [%]: 17.3702      71.0043%
  
  
Calculated optimized muscle parameters for glut_max2_r in 21.7761 seconds.
                         Lm Opt        Lts
Template model       : 0.1569      0.0733
Optimized param      : 0.20493   0.0081286
Nr of eval points    : 3375/3375 used
fval                 : 0.12948
var from template [%]: 30.6146      88.9105%
  
  
Calculated optimized muscle parameters for glut_max3_r in 21.8225 seconds.
                         Lm Opt        Lts
Template model       : 0.1665      0.0702
Optimized param      : 0.20195    0.028005
Nr of eval points    : 3375/3375 used
fval                 : 0.012884
var from template [%]: 21.292      60.1065%
  
  
Calculated optimized muscle parameters for glut_med1_r in 21.476 seconds.
                         Lm Opt        Lts
Template model       : 0.0733      0.0565
Optimized param      : 0.074207    0.061468
Nr of eval points    : 3375/3375 used
fval                 : 0.020289
var from template [%]: 1.237      8.7929%
  
  
Calculated optimized muscle parameters for glut_med2_r in 21.639 seconds.
                         Lm Opt        Lts
Template model       : 0.0733       0.066
Optimized param      : 0.074073    0.079754
Nr of eval points    : 3375/3375 used
fval                 : 0.015674
var from template [%]: 1.05389      20.8392%
  
  
Calculated optimized muscle parameters for glut_med3_r in 22.0839 seconds.
                         Lm Opt        Lts
Template model       : 0.0733       0.046
Optimized param      : 0.071877    0.053695
Nr of eval points    : 3375/3375 used
fval                 : 0.017735
var from template [%]: 1.94137      16.7277%
  
  
Calculated optimized muscle parameters for glut_min1_r in 21.8069 seconds.
                         Lm Opt        Lts
Template model       : 0.068       0.016
Optimized param      : 0.065423    0.039021
Nr of eval points    : 3375/3375 used
fval                 : 0.034759
var from template [%]: 3.790217      143.8825%
  
  
Calculated optimized muscle parameters for glut_min2_r in 21.5844 seconds.
                         Lm Opt        Lts
Template model       : 0.056       0.026
Optimized param      : 0.056747    0.035461
Nr of eval points    : 3375/3375 used
fval                 : 0.017501
var from template [%]: 1.33351      36.3892%
  
  
Calculated optimized muscle parameters for glut_min3_r in 21.4841 seconds.
                         Lm Opt        Lts
Template model       : 0.038       0.051
Optimized param      : 0.035267    0.062242
Nr of eval points    : 3329/3375 used
fval                 : 0.026298
var from template [%]: 7.19094      22.0436%
  
  
Calculated optimized muscle parameters for grac_r in 21.5561 seconds.
                         Lm Opt        Lts
Template model       : 0.2278       0.169
Optimized param      : 0.33592    0.044434
Nr of eval points    : 3375/3375 used
fval                 : 0.070555
var from template [%]: 47.4607      73.7078%
  
  
Calculated optimized muscle parameters for iliacus_r in 21.6901 seconds.
                         Lm Opt        Lts
Template model       : 0.1066       0.094
Optimized param      : 0.071451     0.10382
Nr of eval points    : 3375/3375 used
fval                 : 0.030932
var from template [%]: 32.9729       10.448%
  
Negative value estimated for muscle parameter of muscle pect_r
                         Lm Opt        Lts
Template model       : 0.133       0.001
Optimized param      : 0.16292  -0.0083553
Opt params (lsqnonneg): 0.15151           0
Tendon length not changing throughout range of motion
  
Calculated optimized muscle parameters for pect_r in 21.5964 seconds.
                         Lm Opt        Lts
Template model       : 0.133       0.001
Optimized param      : 0.14997   0.0010112
Nr of eval points    : 3375/3375 used
fval                 : 0.0262
var from template [%]: 12.7629      1.12384%
  
  
Calculated optimized muscle parameters for piri_r in 21.351 seconds.
                         Lm Opt        Lts
Template model       : 0.026       0.115
Optimized param      : 0.031189     0.10793
Nr of eval points    : 3078/3375 used
fval                 : 0.014267
var from template [%]: 19.9585       6.1507%
  
  
Calculated optimized muscle parameters for psoas_r in 21.5824 seconds.
                         Lm Opt        Lts
Template model       : 0.1169       0.097
Optimized param      : 0.12334     0.13521
Nr of eval points    : 3375/3375 used
fval                 : 0.017106
var from template [%]: 5.51267       39.396%
  
  
Calculated optimized muscle parameters for quad_fem_r in 22.019 seconds.
                         Lm Opt        Lts
Template model       : 0.054       0.024
Optimized param      : 0.03437    0.035723
Nr of eval points    : 3080/3375 used
fval                 : 0.17914
var from template [%]: 36.3523      48.8479%
  
  
Calculated optimized muscle parameters for rect_fem_r in 21.6092 seconds.
                         Lm Opt        Lts
Template model       : 0.0759       0.346
Optimized param      : 0.072211     0.33928
Nr of eval points    : 3170/3375 used
fval                 : 0.0072409
var from template [%]: 4.8609      1.9428%
  
  
Calculated optimized muscle parameters for sar_r in 21.4992 seconds.
                         Lm Opt        Lts
Template model       : 0.403        0.11
Optimized param      : 0.47669    0.013934
Nr of eval points    : 3375/3375 used
fval                 : 0.011324
var from template [%]: 18.2866      87.3329%
  
  
Calculated optimized muscle parameters for semimem_r in 21.7003 seconds.
                         Lm Opt        Lts
Template model       : 0.069       0.378
Optimized param      : 0.062914     0.37095
Nr of eval points    : 2392/3375 used
fval                 : 0.00066351
var from template [%]: 8.82      1.8648%
  
  
Calculated optimized muscle parameters for semiten_r in 21.6197 seconds.
                         Lm Opt        Lts
Template model       : 0.193       0.245
Optimized param      : 0.16452     0.28017
Nr of eval points    : 3375/3375 used
fval                 : 0.025442
var from template [%]: 14.7578      14.3564%
  
  
Calculated optimized muscle parameters for tfl_r in 21.6097 seconds.
                         Lm Opt        Lts
Template model       : 0.095        0.45
Optimized param      : 0.091772     0.43898
Nr of eval points    : 3282/3375 used
fval                 : 0.06261
var from template [%]: 3.3974      2.4499%
  
