  
Calculated optimized muscle parameters for add_brev_r in 14.9401 seconds.
                         Lm Opt        Lts
Template model       : 0.1031       0.036
Optimized param      : 0.11995    0.025326
Nr of eval points    : 2197/2197 used
fval                 : 0.025366
var from template [%]: 16.341       29.649%
  
  
Calculated optimized muscle parameters for add_long_r in 14.9546 seconds.
                         Lm Opt        Lts
Template model       : 0.1082        0.13
Optimized param      : 0.10632    0.085971
Nr of eval points    : 2197/2197 used
fval                 : 0.031698
var from template [%]: 1.73345      33.8681%
  
  
Calculated optimized muscle parameters for add_mag1_r in 15.2257 seconds.
                         Lm Opt        Lts
Template model       : 0.1377       0.048
Optimized param      : 0.17615    0.029754
Nr of eval points    : 2197/2197 used
fval                 : 0.015217
var from template [%]: 27.924      38.0118%
  
  
Calculated optimized muscle parameters for add_mag2_r in 15.0545 seconds.
                         Lm Opt        Lts
Template model       : 0.1772        0.09
Optimized param      : 0.19838    0.047302
Nr of eval points    : 2197/2197 used
fval                 : 0.025146
var from template [%]: 11.9516      47.4426%
  
  
Calculated optimized muscle parameters for add_mag3_r in 14.9037 seconds.
                         Lm Opt        Lts
Template model       : 0.1562       0.221
Optimized param      : 0.16964     0.19483
Nr of eval points    : 2197/2197 used
fval                 : 0.02852
var from template [%]: 8.60496      11.8425%
  
  
Calculated optimized muscle parameters for bifemlh_r in 15.0897 seconds.
                         Lm Opt        Lts
Template model       : 0.0976       0.322
Optimized param      : 0.088705     0.32931
Nr of eval points    : 2197/2197 used
fval                 : 0.0081804
var from template [%]: 9.1137      2.2692%
  
  
Calculated optimized muscle parameters for gem_r in 14.9972 seconds.
                         Lm Opt        Lts
Template model       : 0.024       0.039
Optimized param      : 0.021702    0.039188
Nr of eval points    : 2110/2197 used
fval                 : 0.017089
var from template [%]: 9.575     0.48177%
  
  
Calculated optimized muscle parameters for glut_max1_r in 14.7461 seconds.
                         Lm Opt        Lts
Template model       : 0.1473        0.05
Optimized param      : 0.17277    0.014638
Nr of eval points    : 2197/2197 used
fval                 : 0.014279
var from template [%]: 17.2902      70.7248%
  
  
Calculated optimized muscle parameters for glut_max2_r in 15.0268 seconds.
                         Lm Opt        Lts
Template model       : 0.1569      0.0733
Optimized param      : 0.20465   0.0084744
Nr of eval points    : 2197/2197 used
fval                 : 0.086517
var from template [%]: 30.4327      88.4387%
  
  
Calculated optimized muscle parameters for glut_max3_r in 14.8502 seconds.
                         Lm Opt        Lts
Template model       : 0.1665      0.0702
Optimized param      : 0.20192    0.028044
Nr of eval points    : 2197/2197 used
fval                 : 0.0086205
var from template [%]: 21.2718      60.0506%
  
  
Calculated optimized muscle parameters for glut_med1_r in 14.762 seconds.
                         Lm Opt        Lts
Template model       : 0.0733      0.0565
Optimized param      : 0.074204    0.061475
Nr of eval points    : 2197/2197 used
fval                 : 0.013484
var from template [%]: 1.2327      8.8049%
  
  
Calculated optimized muscle parameters for glut_med2_r in 14.7355 seconds.
                         Lm Opt        Lts
Template model       : 0.0733       0.066
Optimized param      : 0.074071    0.079759
Nr of eval points    : 2197/2197 used
fval                 : 0.010408
var from template [%]: 1.05245      20.8463%
  
  
Calculated optimized muscle parameters for glut_med3_r in 15.4044 seconds.
                         Lm Opt        Lts
Template model       : 0.0733       0.046
Optimized param      : 0.071879    0.053688
Nr of eval points    : 2197/2197 used
fval                 : 0.011778
var from template [%]: 1.93889      16.7124%
  
  
Calculated optimized muscle parameters for glut_min1_r in 14.9891 seconds.
                         Lm Opt        Lts
Template model       : 0.068       0.016
Optimized param      : 0.065428    0.039009
Nr of eval points    : 2197/2197 used
fval                 : 0.023071
var from template [%]: 3.782284      143.8072%
  
  
Calculated optimized muscle parameters for glut_min2_r in 15.045 seconds.
                         Lm Opt        Lts
Template model       : 0.056       0.026
Optimized param      : 0.056746    0.035466
Nr of eval points    : 2197/2197 used
fval                 : 0.011616
var from template [%]: 1.33146      36.4075%
  
  
Calculated optimized muscle parameters for glut_min3_r in 14.6196 seconds.
                         Lm Opt        Lts
Template model       : 0.038       0.051
Optimized param      : 0.035276    0.062239
Nr of eval points    : 2165/2197 used
fval                 : 0.017449
var from template [%]: 7.16963      22.0376%
  
  
Calculated optimized muscle parameters for grac_r in 14.6233 seconds.
                         Lm Opt        Lts
Template model       : 0.2278       0.169
Optimized param      : 0.33576    0.044549
Nr of eval points    : 2197/2197 used
fval                 : 0.046889
var from template [%]: 47.3936      73.6395%
  
  
Calculated optimized muscle parameters for iliacus_r in 14.6861 seconds.
                         Lm Opt        Lts
Template model       : 0.1066       0.094
Optimized param      : 0.071366     0.10391
Nr of eval points    : 2197/2197 used
fval                 : 0.020551
var from template [%]: 33.0525      10.5393%
  
Negative value estimated for muscle parameter of muscle pect_r
                         Lm Opt        Lts
Template model       : 0.133       0.001
Optimized param      : 0.16296  -0.0083905
Opt params (lsqnonneg): 0.15151           0
Tendon length not changing throughout range of motion
  
Calculated optimized muscle parameters for pect_r in 15.1879 seconds.
                         Lm Opt        Lts
Template model       : 0.133       0.001
Optimized param      : 0.14997   0.0010085
Nr of eval points    : 2197/2197 used
fval                 : 0.017412
var from template [%]: 12.7581     0.850806%
  
  
Calculated optimized muscle parameters for piri_r in 14.9106 seconds.
                         Lm Opt        Lts
Template model       : 0.026       0.115
Optimized param      : 0.03118     0.10795
Nr of eval points    : 1999/2197 used
fval                 : 0.0094752
var from template [%]: 19.9219      6.13148%
  
  
Calculated optimized muscle parameters for psoas_r in 14.8853 seconds.
                         Lm Opt        Lts
Template model       : 0.1169       0.097
Optimized param      : 0.12194     0.13674
Nr of eval points    : 2197/2197 used
fval                 : 0.011431
var from template [%]: 4.31131      40.9654%
  
  
Calculated optimized muscle parameters for quad_fem_r in 14.7276 seconds.
                         Lm Opt        Lts
Template model       : 0.054       0.024
Optimized param      : 0.034263    0.035837
Nr of eval points    : 2004/2197 used
fval                 : 0.11855
var from template [%]: 36.5491      49.3226%
  
  
Calculated optimized muscle parameters for rect_fem_r in 14.6507 seconds.
                         Lm Opt        Lts
Template model       : 0.0759       0.346
Optimized param      : 0.072258     0.33924
Nr of eval points    : 2054/2197 used
fval                 : 0.0047862
var from template [%]: 4.7979      1.9534%
  
  
Calculated optimized muscle parameters for sar_r in 15.0589 seconds.
                         Lm Opt        Lts
Template model       : 0.403        0.11
Optimized param      : 0.47671    0.013918
Nr of eval points    : 2197/2197 used
fval                 : 0.0075223
var from template [%]: 18.2896      87.3472%
  
  
Calculated optimized muscle parameters for semimem_r in 14.7274 seconds.
                         Lm Opt        Lts
Template model       : 0.069       0.378
Optimized param      : 0.062993     0.37091
Nr of eval points    : 1544/2197 used
fval                 : 0.00044238
var from template [%]: 8.7062      1.8754%
  
  
Calculated optimized muscle parameters for semiten_r in 14.9526 seconds.
                         Lm Opt        Lts
Template model       : 0.193       0.245
Optimized param      : 0.1645      0.2802
Nr of eval points    : 2197/2197 used
fval                 : 0.016891
var from template [%]: 14.7662      14.3663%
  
  
Calculated optimized muscle parameters for tfl_r in 14.8121 seconds.
                         Lm Opt        Lts
Template model       : 0.095        0.45
Optimized param      : 0.091781     0.43896
Nr of eval points    : 2134/2197 used
fval                 : 0.041559
var from template [%]: 3.3881       2.454%
  
